#
# A fatal error has been detected by the Java Runtime Environment:
#
#  EXCEPTION_ILLEGAL_INSTRUCTION (0xc000001d) at pc=0x000000007345ff89, pid=10528, tid=2472
#
# JRE version: Java(TM) SE Runtime Environment (8.0_25-b18) (build 1.8.0_25-b18)
# Java VM: Java HotSpot(TM) 64-Bit Server VM (25.25-b02 mixed mode windows-amd64 compressed oops)
# Problematic frame:
# V  [jvm.dll+0x4cff89]
#
# Failed to write core dump. Minidumps are not enabled by default on client versions of Windows
#
# If you would like to submit a bug report, please visit:
#   http://bugreport.sun.com/bugreport/crash.jsp
#

---------------  T H R E A D  ---------------

Current thread (0x00000000170ba800):  JavaThread "C2 CompilerThread1" daemon [_thread_in_native, id=2472, stack(0x0000000017790000,0x0000000017890000)]

siginfo: ExceptionCode=0xc000001d

Registers:
RAX=0x00000000000000e4, RBX=0x00000000172f3258, RCX=0x0000000000000027, RDX=0x0000000000004300
RSP=0x000000001788ba50, RBP=0x000000001788bb29, RSI=0x00000000172f3990, RDI=0x00000000172f3990
R8 =0x0000000000000000, R9 =0x0000000000000000, R10=0x00000000172f3710, R11=0x0000000018ed1140
R12=0x000000001788bb28, R13=0x00000000000003e8, R14=0x0000000000000000, R15=0x0000000019dbab08
RIP=0x000000007345ff89, EFLAGS=0x0000000000010287

Top of Stack: (sp=0x000000001788ba50)
0x000000001788ba50:   0000000018ed0d30 0000000000000008
0x000000001788ba60:   00000000150be9c0 00000000733beb4a
0x000000001788ba70:   0000000000000008 0000000000000001
0x000000001788ba80:   0000000018ed0c90 00000000150be9c0
0x000000001788ba90:   00000000150be9c0 0000000073452eec
0x000000001788baa0:   00000000172f3990 0000000019dbab08
0x000000001788bab0:   000000001788bb29 00000000172f4388
0x000000001788bac0:   0000000018ed8c78 000000007345fed3
0x000000001788bad0:   00000000150be9c0 0000000000000004
0x000000001788bae0:   0000000018ed0d10 0000000000000002
0x000000001788baf0:   00000000735d71d8 00000000150be9c0
0x000000001788bb00:   0000000000000100 0000000018ed0d40
0x000000001788bb10:   0000000000000000 0000000073452eec
0x000000001788bb20:   00000000172f4388 00000000150be9c0
0x000000001788bb30:   0000000000000004 0000000018ed0cf0
0x000000001788bb40:   0000000000000000 00000000172f3990 

Instructions: (pc=0x000000007345ff89)
0x000000007345ff69:   48 8b 18 48 85 db 74 24 48 83 7b 10 00 74 07 48
0x000000007345ff79:   8b 43 08 48 8b 18 48 85 db 74 11 0f b6 43 2c 24
0x000000007345ff89:   0f 3c 08 75 07 48 8b 43 08 48 8b 18 48 3b f3 0f
0x000000007345ff99:   85 30 01 00 00 0f b7 4e 2c 0f b6 c1 24 7f 3c 60 


Register to memory mapping:

RAX=0x00000000000000e4 is an unknown value
RBX=0x00000000172f3258 is an unknown value
RCX=0x0000000000000027 is an unknown value
RDX=0x0000000000004300 is an unknown value
RSP=0x000000001788ba50 is pointing into the stack for thread: 0x00000000170ba800
RBP=0x000000001788bb29 is pointing into the stack for thread: 0x00000000170ba800
RSI=0x00000000172f3990 is an unknown value
RDI=0x00000000172f3990 is an unknown value
R8 =0x0000000000000000 is an unknown value
R9 =0x0000000000000000 is an unknown value
R10=0x00000000172f3710 is an unknown value
R11=0x0000000018ed1140 is an unknown value
R12=0x000000001788bb28 is pointing into the stack for thread: 0x00000000170ba800
R13=0x00000000000003e8 is an unknown value
R14=0x0000000000000000 is an unknown value
R15=0x0000000019dbab08 is an unknown value


Stack: [0x0000000017790000,0x0000000017890000],  sp=0x000000001788ba50,  free space=1006k
Native frames: (J=compiled Java code, j=interpreted, Vv=VM code, C=native code)
V  [jvm.dll+0x4cff89]
V  [jvm.dll+0x4c2eec]
V  [jvm.dll+0x4c5067]
V  [jvm.dll+0x4c50ca]
V  [jvm.dll+0x4c50ca]
V  [jvm.dll+0x4c50ca]
V  [jvm.dll+0x4c50ca]
V  [jvm.dll+0x4c50ca]
V  [jvm.dll+0x4c50ca]
V  [jvm.dll+0x4c50ca]
V  [jvm.dll+0x4c50ca]
V  [jvm.dll+0x4c50ca]
V  [jvm.dll+0x4c50ca]
V  [jvm.dll+0x4c50ca]
V  [jvm.dll+0x4c50ca]
V  [jvm.dll+0x4c50ca]
V  [jvm.dll+0x4c5d27]
V  [jvm.dll+0x4cac4b]
V  [jvm.dll+0x4cae8c]
V  [jvm.dll+0x4e84d3]
V  [jvm.dll+0x4e7f2d]
V  [jvm.dll+0x4522ed]
V  [jvm.dll+0x453864]
V  [jvm.dll+0x437372]
V  [jvm.dll+0x98a02]
V  [jvm.dll+0x991f3]
V  [jvm.dll+0x22bde4]
V  [jvm.dll+0x2852fa]
C  [msvcr100.dll+0x21d9f]
C  [msvcr100.dll+0x21e3b]
C  [KERNEL32.DLL+0x8364]
C  [ntdll.dll+0x670d1]


Current CompileTask:
C2:   3072 2407 %     4       com.android.dx.dex.code.DalvInsnList::getOutsSize @ 9 (105 bytes)


---------------  P R O C E S S  ---------------

Java Threads: ( => current thread )
  0x0000000017c9f000 JavaThread "pool-1-thread-1" [_thread_in_vm, id=10164, stack(0x000000001a930000,0x000000001aa30000)]
  0x000000001715b800 JavaThread "Service Thread" daemon [_thread_blocked, id=7440, stack(0x0000000017a90000,0x0000000017b90000)]
  0x00000000170c5000 JavaThread "C1 CompilerThread3" daemon [_thread_blocked, id=7236, stack(0x0000000017990000,0x0000000017a90000)]
  0x00000000170bc800 JavaThread "C2 CompilerThread2" daemon [_thread_in_vm, id=9236, stack(0x0000000017890000,0x0000000017990000)]
=>0x00000000170ba800 JavaThread "C2 CompilerThread1" daemon [_thread_in_native, id=2472, stack(0x0000000017790000,0x0000000017890000)]
  0x00000000170b6800 JavaThread "C2 CompilerThread0" daemon [_thread_in_native, id=3932, stack(0x0000000017690000,0x0000000017790000)]
  0x00000000170b4800 JavaThread "Attach Listener" daemon [_thread_blocked, id=6660, stack(0x0000000017590000,0x0000000017690000)]
  0x00000000170b3800 JavaThread "Signal Dispatcher" daemon [_thread_blocked, id=7704, stack(0x0000000017490000,0x0000000017590000)]
  0x0000000002587800 JavaThread "Finalizer" daemon [_thread_blocked, id=4512, stack(0x0000000016f90000,0x0000000017090000)]
  0x00000000150ac800 JavaThread "Reference Handler" daemon [_thread_blocked, id=9596, stack(0x0000000016e90000,0x0000000016f90000)]
  0x0000000000c0d800 JavaThread "main" [_thread_blocked, id=11064, stack(0x0000000002390000,0x0000000002490000)]

Other Threads:
  0x00000000150a8800 VMThread [stack: 0x0000000016d90000,0x0000000016e90000] [id=4560]
  0x000000001715d800 WatcherThread [stack: 0x0000000017b90000,0x0000000017c90000] [id=7368]

VM state:not at safepoint (normal execution)

VM Mutex/Monitor currently owned by a thread: None

Heap:
 PSYoungGen      total 141824K, used 19618K [0x00000000eab00000, 0x00000000f4000000, 0x0000000100000000)
  eden space 131072K, 6% used [0x00000000eab00000,0x00000000eb3b0850,0x00000000f2b00000)
  from space 10752K, 99% used [0x00000000f3580000,0x00000000f3ff8028,0x00000000f4000000)
  to   space 10752K, 0% used [0x00000000f2b00000,0x00000000f2b00000,0x00000000f3580000)
 ParOldGen       total 175104K, used 7595K [0x00000000c0000000, 0x00000000cab00000, 0x00000000eab00000)
  object space 175104K, 4% used [0x00000000c0000000,0x00000000c076acb0,0x00000000cab00000)
 Metaspace       used 6952K, capacity 7608K, committed 7936K, reserved 1056768K
  class space    used 644K, capacity 688K, committed 768K, reserved 1048576K

Card table byte_map: [0x0000000011950000,0x0000000011b60000] byte_map_base: 0x0000000011350000

Marking Bits: (ParMarkBitMap*) 0x000000007376d490
 Begin Bits: [0x00000000124c0000, 0x00000000134c0000)
 End Bits:   [0x00000000134c0000, 0x00000000144c0000)

Polling page: 0x0000000000940000

CodeCache: size=245760Kb used=10393Kb max_used=10412Kb free=235366Kb
 bounds [0x0000000002590000, 0x0000000002fd0000, 0x0000000011590000]
 total_blobs=2681 nmethods=2407 adapters=187
 compilation: enabled

Compilation events (10 events):
Event: 3.046 Thread 0x00000000170c5000 nmethod 2418 0x0000000002fa5850 code [0x0000000002fa5b80, 0x0000000002fa74c8]
Event: 3.046 Thread 0x00000000170c5000 2419       3       com.android.dx.util.ByteArray::getBytes (39 bytes)
Event: 3.046 Thread 0x00000000170c5000 nmethod 2419 0x0000000002f9c2d0 code [0x0000000002f9c460, 0x0000000002f9c778]
Event: 3.047 Thread 0x00000000170c5000 2420       3       com.android.dx.util.ByteArrayAnnotatedOutput::write (61 bytes)
Event: 3.047 Thread 0x00000000170c5000 nmethod 2420 0x0000000002f9bad0 code [0x0000000002f9bc60, 0x0000000002f9c108]
Event: 3.048 Thread 0x00000000170c5000 2421       3       com.android.dx.util.ByteArrayAnnotatedOutput::write (9 bytes)
Event: 3.048 Thread 0x00000000170c5000 nmethod 2421 0x0000000002f9b650 code [0x0000000002f9b7c0, 0x0000000002f9b9e8]
Event: 3.048 Thread 0x00000000170c5000 2422       3       com.android.dx.util.ByteArrayAnnotatedOutput::write (129 bytes)
Event: 3.049 Thread 0x00000000170c5000 nmethod 2422 0x0000000002fa81d0 code [0x0000000002fa8440, 0x0000000002fa9428]
Event: 3.049 Thread 0x00000000170c5000 2423       3       com.android.dx.dex.file.DebugInfoItem::writeTo0 (58 bytes)

GC Heap History (4 events):
Event: 1.043 GC heap before
{Heap before GC invocations=1 (full 0):
 PSYoungGen      total 76288K, used 65536K [0x00000000eab00000, 0x00000000f0000000, 0x0000000100000000)
  eden space 65536K, 100% used [0x00000000eab00000,0x00000000eeb00000,0x00000000eeb00000)
  from space 10752K, 0% used [0x00000000ef580000,0x00000000ef580000,0x00000000f0000000)
  to   space 10752K, 0% used [0x00000000eeb00000,0x00000000eeb00000,0x00000000ef580000)
 ParOldGen       total 175104K, used 0K [0x00000000c0000000, 0x00000000cab00000, 0x00000000eab00000)
  object space 175104K, 0% used [0x00000000c0000000,0x00000000c0000000,0x00000000cab00000)
 Metaspace       used 6165K, capacity 7088K, committed 7296K, reserved 1056768K
  class space    used 592K, capacity 616K, committed 640K, reserved 1048576K
Event: 1.096 GC heap after
Heap after GC invocations=1 (full 0):
 PSYoungGen      total 76288K, used 10721K [0x00000000eab00000, 0x00000000f4000000, 0x0000000100000000)
  eden space 65536K, 0% used [0x00000000eab00000,0x00000000eab00000,0x00000000eeb00000)
  from space 10752K, 99% used [0x00000000eeb00000,0x00000000ef5787f8,0x00000000ef580000)
  to   space 10752K, 0% used [0x00000000f3580000,0x00000000f3580000,0x00000000f4000000)
 ParOldGen       total 175104K, used 336K [0x00000000c0000000, 0x00000000cab00000, 0x00000000eab00000)
  object space 175104K, 0% used [0x00000000c0000000,0x00000000c0054100,0x00000000cab00000)
 Metaspace       used 6165K, capacity 7088K, committed 7296K, reserved 1056768K
  class space    used 592K, capacity 616K, committed 640K, reserved 1048576K
}
Event: 2.511 GC heap before
{Heap before GC invocations=2 (full 0):
 PSYoungGen      total 76288K, used 76257K [0x00000000eab00000, 0x00000000f4000000, 0x0000000100000000)
  eden space 65536K, 100% used [0x00000000eab00000,0x00000000eeb00000,0x00000000eeb00000)
  from space 10752K, 99% used [0x00000000eeb00000,0x00000000ef5787f8,0x00000000ef580000)
  to   space 10752K, 0% used [0x00000000f3580000,0x00000000f3580000,0x00000000f4000000)
 ParOldGen       total 175104K, used 336K [0x00000000c0000000, 0x00000000cab00000, 0x00000000eab00000)
  object space 175104K, 0% used [0x00000000c0000000,0x00000000c0054100,0x00000000cab00000)
 Metaspace       used 6319K, capacity 7152K, committed 7296K, reserved 1056768K
  class space    used 599K, capacity 616K, committed 640K, reserved 1048576K
Event: 2.537 GC heap after
Heap after GC invocations=2 (full 0):
 PSYoungGen      total 141824K, used 10720K [0x00000000eab00000, 0x00000000f4000000, 0x0000000100000000)
  eden space 131072K, 0% used [0x00000000eab00000,0x00000000eab00000,0x00000000f2b00000)
  from space 10752K, 99% used [0x00000000f3580000,0x00000000f3ff8028,0x00000000f4000000)
  to   space 10752K, 0% used [0x00000000f2b00000,0x00000000f2b00000,0x00000000f3580000)
 ParOldGen       total 175104K, used 7595K [0x00000000c0000000, 0x00000000cab00000, 0x00000000eab00000)
  object space 175104K, 4% used [0x00000000c0000000,0x00000000c076acb0,0x00000000cab00000)
 Metaspace       used 6319K, capacity 7152K, committed 7296K, reserved 1056768K
  class space    used 599K, capacity 616K, committed 640K, reserved 1048576K
}

Deoptimization events (10 events):
Event: 2.543 Thread 0x0000000017c9f000 Uncommon trap: reason=class_check action=maybe_recompile pc=0x0000000002da11f8 method=java.util.HashMap.putVal(ILjava/lang/Object;Ljava/lang/Object;ZZ)Ljava/lang/Object; @ 203
Event: 2.543 Thread 0x0000000017c9f000 Uncommon trap: reason=class_check action=maybe_recompile pc=0x0000000002da11f8 method=java.util.HashMap.putVal(ILjava/lang/Object;Ljava/lang/Object;ZZ)Ljava/lang/Object; @ 203
Event: 2.557 Thread 0x0000000017c9f000 Uncommon trap: reason=bimorphic action=maybe_recompile pc=0x0000000002e08a40 method=java.util.HashMap.putVal(ILjava/lang/Object;Ljava/lang/Object;ZZ)Ljava/lang/Object; @ 203
Event: 2.557 Thread 0x0000000017c9f000 Uncommon trap: reason=bimorphic action=maybe_recompile pc=0x0000000002e08a40 method=java.util.HashMap.putVal(ILjava/lang/Object;Ljava/lang/Object;ZZ)Ljava/lang/Object; @ 203
Event: 2.731 Thread 0x0000000017c9f000 Uncommon trap: reason=speculate_class_check action=maybe_recompile pc=0x00000000028de5c4 method=com.android.dx.util.FixedSizeList.equals(Ljava/lang/Object;)Z @ 25
Event: 2.731 Thread 0x0000000017c9f000 Uncommon trap: reason=speculate_class_check action=maybe_recompile pc=0x00000000028de5c4 method=com.android.dx.util.FixedSizeList.equals(Ljava/lang/Object;)Z @ 25
Event: 2.731 Thread 0x0000000017c9f000 Uncommon trap: reason=speculate_class_check action=maybe_recompile pc=0x00000000028de5c4 method=com.android.dx.util.FixedSizeList.equals(Ljava/lang/Object;)Z @ 25
Event: 2.734 Thread 0x0000000017c9f000 Uncommon trap: reason=speculate_class_check action=maybe_recompile pc=0x00000000028de5c4 method=com.android.dx.util.FixedSizeList.equals(Ljava/lang/Object;)Z @ 25
Event: 2.754 Thread 0x0000000017c9f000 Uncommon trap: reason=unreached action=reinterpret pc=0x0000000002e6c6f8 method=com.android.dx.dex.code.OutputFinisher.findOpcodeForInsn(Lcom/android/dx/dex/code/DalvInsn;Lcom/android/dx/dex/code/Dop;)Lcom/android/dx/dex/code/Dop; @ 1
Event: 2.848 Thread 0x0000000017c9f000 Uncommon trap: reason=unreached action=reinterpret pc=0x0000000002e84e3c method=com.android.dx.dex.code.LocalList$MakeState.filterSpec(Lcom/android/dx/rop/code/RegisterSpec;)Lcom/android/dx/rop/code/RegisterSpec; @ 11

Internal exceptions (10 events):
Event: 2.731 Thread 0x0000000017c9f000 Exception <a 'java/security/PrivilegedActionException'> (0x00000000ead06f38) thrown at [D:\re\workspace\8-2-build-windows-amd64-cygwin\jdk8u25\1677\hotspot\src\share\vm\prims\jvm.cpp, line 1312]
Event: 2.731 Thread 0x0000000017c9f000 Exception <a 'java/security/PrivilegedActionException'> (0x00000000ead0a0c0) thrown at [D:\re\workspace\8-2-build-windows-amd64-cygwin\jdk8u25\1677\hotspot\src\share\vm\prims\jvm.cpp, line 1312]
Event: 2.732 Thread 0x0000000017c9f000 Exception <a 'java/security/PrivilegedActionException'> (0x00000000ead0d358) thrown at [D:\re\workspace\8-2-build-windows-amd64-cygwin\jdk8u25\1677\hotspot\src\share\vm\prims\jvm.cpp, line 1312]
Event: 2.755 Thread 0x0000000017c9f000 Exception <a 'java/security/PrivilegedActionException'> (0x00000000eae157e8) thrown at [D:\re\workspace\8-2-build-windows-amd64-cygwin\jdk8u25\1677\hotspot\src\share\vm\prims\jvm.cpp, line 1312]
Event: 2.939 Thread 0x0000000017c9f000 Exception <a 'java/security/PrivilegedActionException'> (0x00000000eb0a2e60) thrown at [D:\re\workspace\8-2-build-windows-amd64-cygwin\jdk8u25\1677\hotspot\src\share\vm\prims\jvm.cpp, line 1312]
Event: 2.941 Thread 0x0000000017c9f000 Exception <a 'java/security/PrivilegedActionException'> (0x00000000eb0aedb0) thrown at [D:\re\workspace\8-2-build-windows-amd64-cygwin\jdk8u25\1677\hotspot\src\share\vm\prims\jvm.cpp, line 1312]
Event: 2.941 Thread 0x0000000017c9f000 Exception <a 'java/security/PrivilegedActionException'> (0x00000000eb0b1b18) thrown at [D:\re\workspace\8-2-build-windows-amd64-cygwin\jdk8u25\1677\hotspot\src\share\vm\prims\jvm.cpp, line 1312]
Event: 2.974 Thread 0x0000000017c9f000 Exception <a 'java/security/PrivilegedActionException'> (0x00000000eb280ee8) thrown at [D:\re\workspace\8-2-build-windows-amd64-cygwin\jdk8u25\1677\hotspot\src\share\vm\prims\jvm.cpp, line 1312]
Event: 2.984 Thread 0x0000000017c9f000 Exception <a 'java/security/PrivilegedActionException'> (0x00000000eb324288) thrown at [D:\re\workspace\8-2-build-windows-amd64-cygwin\jdk8u25\1677\hotspot\src\share\vm\prims\jvm.cpp, line 1312]
Event: 2.988 Thread 0x0000000017c9f000 Exception <a 'java/security/PrivilegedActionException'> (0x00000000eb3628c8) thrown at [D:\re\workspace\8-2-build-windows-amd64-cygwin\jdk8u25\1677\hotspot\src\share\vm\prims\jvm.cpp, line 1312]

Events (10 events):
Event: 2.941 loading class com/android/dx/dex/file/DebugInfoEncoder$1
Event: 2.941 loading class com/android/dx/dex/file/DebugInfoEncoder$1 done
Event: 2.941 loading class com/android/dx/dex/file/DebugInfoEncoder$2
Event: 2.941 loading class com/android/dx/dex/file/DebugInfoEncoder$2 done
Event: 2.974 loading class com/android/dex/EncodedValueCodec
Event: 2.974 loading class com/android/dex/EncodedValueCodec done
Event: 2.984 loading class com/android/dx/dex/file/MapItem
Event: 2.984 loading class com/android/dx/dex/file/MapItem done
Event: 2.988 loading class com/android/dex/DexFormat
Event: 2.988 loading class com/android/dex/DexFormat done


Dynamic libraries:
0x00007ff6a84c0000 - 0x00007ff6a84f4000 	C:\Program Files\Java\jdk1.8.0_25\bin\java.exe
0x00007ffce0160000 - 0x00007ffce0331000 	C:\WINDOWS\SYSTEM32\ntdll.dll
0x00007ffcdf270000 - 0x00007ffcdf31b000 	C:\WINDOWS\System32\KERNEL32.DLL
0x00007ffccc6b0000 - 0x00007ffccc6e3000 	C:\Program Files\AVAST Software\Avast\x64\aswhooka.dll
0x00007ffcdcc30000 - 0x00007ffcdce4d000 	C:\WINDOWS\System32\KERNELBASE.dll
0x00007ffcdf4c0000 - 0x00007ffcdf562000 	C:\WINDOWS\System32\ADVAPI32.dll
0x00007ffcdd940000 - 0x00007ffcdd9de000 	C:\WINDOWS\System32\msvcrt.dll
0x00007ffcdd750000 - 0x00007ffcdd7a9000 	C:\WINDOWS\System32\sechost.dll
0x00007ffcdf570000 - 0x00007ffcdf691000 	C:\WINDOWS\System32\RPCRT4.dll
0x00007ffcdfed0000 - 0x00007ffce0035000 	C:\WINDOWS\System32\USER32.dll
0x00007ffcdc6c0000 - 0x00007ffcdc6de000 	C:\WINDOWS\System32\win32u.dll
0x00007ffcdf6d0000 - 0x00007ffcdf704000 	C:\WINDOWS\System32\GDI32.dll
0x00007ffcdc8d0000 - 0x00007ffcdca52000 	C:\WINDOWS\System32\gdi32full.dll
0x00007ffccef70000 - 0x00007ffccf1ea000 	C:\WINDOWS\WinSxS\amd64_microsoft.windows.common-controls_6595b64144ccf1df_6.0.14393.953_none_42151e83c686086b\COMCTL32.dll
0x00007ffcdf710000 - 0x00007ffcdf9d8000 	C:\WINDOWS\System32\combase.dll
0x00007ffcdc730000 - 0x00007ffcdc825000 	C:\WINDOWS\System32\ucrtbase.dll
0x00007ffcdc650000 - 0x00007ffcdc6ba000 	C:\WINDOWS\System32\bcryptPrimitives.dll
0x00007ffcdf6a0000 - 0x00007ffcdf6ce000 	C:\WINDOWS\System32\IMM32.DLL
0x00000000737f0000 - 0x00000000738c2000 	C:\Program Files\Java\jdk1.8.0_25\jre\bin\msvcr100.dll
0x0000000072f90000 - 0x00000000737ea000 	C:\Program Files\Java\jdk1.8.0_25\jre\bin\server\jvm.dll
0x00007ffcdd8b0000 - 0x00007ffcdd8b8000 	C:\WINDOWS\System32\PSAPI.DLL
0x00007ffcd3440000 - 0x00007ffcd3449000 	C:\WINDOWS\SYSTEM32\WSOCK32.dll
0x00007ffcdd9e0000 - 0x00007ffcdda4a000 	C:\WINDOWS\System32\WS2_32.dll
0x00007ffcda500000 - 0x00007ffcda523000 	C:\WINDOWS\SYSTEM32\WINMM.dll
0x00007ffcda4a0000 - 0x00007ffcda4cb000 	C:\WINDOWS\SYSTEM32\WINMMBASE.dll
0x00007ffcdc6e0000 - 0x00007ffcdc722000 	C:\WINDOWS\System32\cfgmgr32.dll
0x0000000072f80000 - 0x0000000072f8f000 	C:\Program Files\Java\jdk1.8.0_25\jre\bin\verify.dll
0x0000000072f50000 - 0x0000000072f78000 	C:\Program Files\Java\jdk1.8.0_25\jre\bin\java.dll
0x0000000072f30000 - 0x0000000072f46000 	C:\Program Files\Java\jdk1.8.0_25\jre\bin\zip.dll
0x00007ffcddac0000 - 0x00007ffcdefc8000 	C:\WINDOWS\System32\SHELL32.dll
0x00007ffcdcf60000 - 0x00007ffcdd63a000 	C:\WINDOWS\System32\windows.storage.dll
0x00007ffcdc5c0000 - 0x00007ffcdc60c000 	C:\WINDOWS\System32\powrprof.dll
0x00007ffce0100000 - 0x00007ffce0152000 	C:\WINDOWS\System32\shlwapi.dll
0x00007ffcdc640000 - 0x00007ffcdc64f000 	C:\WINDOWS\System32\kernel.appcore.dll
0x00007ffcdd640000 - 0x00007ffcdd6e9000 	C:\WINDOWS\System32\shcore.dll
0x00007ffcdc620000 - 0x00007ffcdc634000 	C:\WINDOWS\System32\profapi.dll
0x00007ffcd8e40000 - 0x00007ffcd8fd2000 	C:\WINDOWS\SYSTEM32\dbghelp.dll

VM Arguments:
jvm_args: -Djava.awt.headless=true -Xmx1024M -Dfile.encoding=windows-1252 -Duser.country=GB -Duser.language=en -Duser.variant 
java_command: com.android.dx.command.Main --dex --force-jumbo --num-threads=4 --multi-dex --output C:\Users\ingressus\AndroidStudioProjects\WorkdayScheduler1\wear\build\intermediates\transforms\dex\pro\debug\folders\1000\10\classes_751b7d7fa3b03b97d8edbec8691484892dfcc542 C:\Users\ingressus\.android\build-cache\302ae5b4e61358b868c49c82040751dd0d600a97\output\jars\classes.jar
java_class_path (initial): C:\Users\ingressus\AppData\Local\Android\sdk\build-tools\25.0.0\lib\dx.jar
Launcher Type: SUN_STANDARD

Environment Variables:
JAVA_HOME=c:\Program Files\Java\jdk1.8.0_25\
PATH=c:\programdata\oracle\java\javapath;c:\windows\system32;c:\windows;c:\windows\system32\wbem;c:\windows\system32\windowspowershell\v1.0\;c:\windows\system32;c:\windows;c:\windows\system32\wbem;c:\windows\system32\windowspowershell\v1.0\;C:\Program Files (x86)\NVIDIA Corporation\PhysX\Common;C:\Users\ingressus\AppData\Local\Microsoft\WindowsApps;
USERNAME=ingressus
OS=Windows_NT
PROCESSOR_IDENTIFIER=Intel64 Family 6 Model 58 Stepping 9, GenuineIntel



---------------  S Y S T E M  ---------------

OS: Windows 8.1 , 64 bit Build 9600 

CPU:total 8 (4 cores per cpu, 2 threads per core) family 6 model 58 stepping 9, cmov, cx8, fxsr, mmx, sse, sse2, sse3, ssse3, sse4.1, sse4.2, popcnt, avx, aes, clmul, erms, ht, tsc, tscinvbit, tscinv

Memory: 4k page, physical 16716464k(9898256k free), swap 19206832k(10703676k free)

vm_info: Java HotSpot(TM) 64-Bit Server VM (25.25-b02) for windows-amd64 JRE (1.8.0_25-b18), built on Oct  7 2014 14:25:37 by "java_re" with MS VC++ 10.0 (VS2010)

time: Fri Apr 14 02:17:29 2017
elapsed time: 3 seconds (0d 0h 0m 3s)

